22/02/2023 17:23:29
[22/02/2023 17:23:29] [LogSystem] Système de logs initialisé
[22/02/2023 17:23:31] [BotLog] nouveau message : 
    Contenu : <@570276156960669697>
    Auteur : 1066767304970477682 : PlaneBot#8526; MessageId: 1077989025274662914
    MessageChannel : ✉┃ticket-blueskin8 ; 1077989022284128316
MessageURL : https://discord.com/channels/872172974508240957/1077989022284128316/1077989025274662914
[22/02/2023 17:23:32] [Ticket] Un ticket à été crée : https://discord.com/channels/872172974508240957/1077989022284128316
[22/02/2023 17:23:39] [BotLog] nouveau message : 
    Contenu : <@570276156960669697>
    Auteur : 1066767304970477682 : PlaneBot#8526; MessageId: 1077989058992672888
    MessageChannel : ✉┃ticket-blueskin8 ; 1077989057734377502
MessageURL : https://discord.com/channels/872172974508240957/1077989057734377502/1077989058992672888
[22/02/2023 17:23:39] [Ticket] Un ticket à été crée : https://discord.com/channels/872172974508240957/1077989057734377502
[22/02/2023 17:23:47] [Ticket] Les permissions de blueskin8#3446 ont été retirées
[22/02/2023 17:23:47] [BotLog] nouveau message : 
    Contenu : Permissions de blueskin8#3446 retirées
    Auteur : 1066767304970477682 : PlaneBot#8526; MessageId: 1077989092928786442
    MessageChannel : ✉┃ticket-blueskin8 ; 1077989057734377502
MessageURL : https://discord.com/channels/872172974508240957/1077989057734377502/1077989092928786442
[22/02/2023 17:23:50] [Ticket] Un ticket à été fermé définitivement
[22/02/2023 17:23:59] [Ticket] Les permissions de blueskin8#3446 ont été retirées
[22/02/2023 17:24:00] [BotLog] nouveau message : 
    Contenu : Permissions de blueskin8#3446 retirées
    Auteur : 1066767304970477682 : PlaneBot#8526; MessageId: 1077989146926264342
    MessageChannel : ✉┃ticket-blueskin8 ; 1077989022284128316
MessageURL : https://discord.com/channels/872172974508240957/1077989022284128316/1077989146926264342
[22/02/2023 17:24:02] [Ticket] Un ticket à été fermé définitivement
[22/02/2023 17:24:22] [Ticket] Un ticket à été fermé définitivement